app/build/intermediates/manifest_merge_blame_file/debug/manifest-merger-blame-debug-report.txt
1<?xml version="1.0" encoding="utf-8"?>
2<manifest xmlns:android="http://schemas.android.com/apk/res/android"
3    package="com.example.androidbox"
4    android:versionCode="1"
5    android:versionName="1.0" >
6
7    <uses-sdk
8        android:minSdkVersion="16"
8-->src\main\AndroidManifest.xml
9        android:targetSdkVersion="29" />
9-->src\main\AndroidManifest.xml
10
11    <uses-permission android:name="android.permission.INSTALL_PACKAGES" />
11-->src\main\AndroidManifest.xml:6:5-74
11-->src\main\AndroidManifest.xml:6:22-72
12    <uses-permission android:name="android.permission.SEND_DOWNLOAD_COMPLETED_INTENTS" />
12-->src\main\AndroidManifest.xml:7:5-90
12-->src\main\AndroidManifest.xml:7:22-87
13    <uses-permission android:name="android.permission.WRITE_EXTERNAL_STORAGE" />
13-->src\main\AndroidManifest.xml:8:5-80
13-->src\main\AndroidManifest.xml:8:22-78
14    <uses-permission android:name="android.permission.READ_EXTERNAL_STORAGE" />
14-->src\main\AndroidManifest.xml:9:4-78
14-->src\main\AndroidManifest.xml:9:21-76
15    <uses-permission android:name="android.permission.INTERNET" />
15-->src\main\AndroidManifest.xml:10:5-66
15-->src\main\AndroidManifest.xml:10:22-64
16    <uses-permission android:name="android.permission.ACCESS_NETWORK_STATE" />
16-->[com.google.android.exoplayer:exoplayer-core:2.10.8] AndroidManifest.xml:24:5-79
16-->[com.google.android.exoplayer:exoplayer-core:2.10.8] AndroidManifest.xml:24:22-76
17
18    <application
18-->src\main\AndroidManifest.xml:12:5-56:19
19        android:name="com.example.androidbox.dagger.app.App"
19-->src\main\AndroidManifest.xml:14:9-39
20        android:allowBackup="true"
20-->src\main\AndroidManifest.xml:13:9-35
21        android:appComponentFactory="androidx.core.app.CoreComponentFactory"
21-->[androidx.core:core:1.0.1] AndroidManifest.xml:22:18-86
22        android:debuggable="true"
23        android:icon="@drawable/logo"
23-->src\main\AndroidManifest.xml:15:9-38
24        android:label="@string/app_name"
24-->src\main\AndroidManifest.xml:16:9-41
25        android:roundIcon="@drawable/logo"
25-->src\main\AndroidManifest.xml:17:9-43
26        android:supportsRtl="true"
26-->src\main\AndroidManifest.xml:18:9-35
27        android:theme="@style/AppTheme"
27-->src\main\AndroidManifest.xml:20:9-40
28        android:usesCleartextTraffic="true" >
28-->src\main\AndroidManifest.xml:19:9-44
29        <activity android:name="com.example.androidbox.main.MainActivity" >
29-->src\main\AndroidManifest.xml:21:9-27:20
29-->src\main\AndroidManifest.xml:21:19-52
30            <intent-filter>
30-->src\main\AndroidManifest.xml:22:13-26:29
31                <action android:name="android.intent.action.MAIN" />
31-->src\main\AndroidManifest.xml:23:17-69
31-->src\main\AndroidManifest.xml:23:25-66
32                <action android:name="android.intent.action.VIEW" />
32-->src\main\AndroidManifest.xml:24:17-68
32-->src\main\AndroidManifest.xml:24:25-66
33
34                <category android:name="android.intent.category.LAUNCHER" />
34-->src\main\AndroidManifest.xml:25:17-77
34-->src\main\AndroidManifest.xml:25:27-74
35            </intent-filter>
36        </activity>
37        <activity android:name="com.example.androidbox.confg.ConfigActivity" />
37-->src\main\AndroidManifest.xml:28:9-57
37-->src\main\AndroidManifest.xml:28:19-55
38
39        <provider
40            android:name="com.example.androidbox.GenericFileProvider"
40-->src\main\AndroidManifest.xml:32:13-48
41            android:authorities="com.example.androidbox.provider"
41-->src\main\AndroidManifest.xml:31:13-60
42            android:exported="false"
42-->src\main\AndroidManifest.xml:33:13-37
43            android:grantUriPermissions="true" >
43-->src\main\AndroidManifest.xml:34:13-47
44            <meta-data
44-->src\main\AndroidManifest.xml:35:13-37:68
45                android:name="android.support.FILE_PROVIDER_PATHS"
45-->src\main\AndroidManifest.xml:36:17-67
46                android:resource="@xml/provider_paths" />
46-->src\main\AndroidManifest.xml:37:17-55
47        </provider>
48
49        <!--
50        <receiver android:name=".main.MainActivity$Reciver" android:exported="true">
51            <intent-filter>
52                <action android:name="android.intent.action.DOWNLOAD_COMPLETE"/>
53            </intent-filter>
54        </receiver>
55        -->
56
57
58        <!--
59        <provider
60            android:name="androidx.core.content.FileProvider"
61            android:authorities="${applicationId}.provider"
62            android:exported="false"
63            android:grantUriPermissions="true">
64            <meta-data
65                android:name="android.support.FILE_PROVIDER_PATHS"
66                android:resource="@xml/provider_paths"/>
67        </provider>
68        -->
69
70    </application>
71
72</manifest>